This is XeTeX, Version 3.14159265-2.6-0.999992 (TeX Live 2020/W32TeX) (preloaded format=xelatex 2020.11.9)  19 MAY 2021 18:01
entering extended mode
 restricted \write18 enabled.
 %&-line parsing enabled.
**FirstPage.tex
(./FirstPage.tex
LaTeX2e <2020-02-02> patch level 5
L3 programming layer <2020-03-06>

! LaTeX Error: Missing \begin{document}.

See the LaTeX manual or LaTeX Companion for explanation.
Type  H <return>  for immediate help.
 ...                                              
                                                  
l.1 \begin{center}
                  
You're in trouble here.  Try typing  <return>  to proceed.
If that doesn't work, type  X <return>  to quit.


Overfull \hbox (20.0pt too wide) in paragraph at lines 1--1
[] 
 []


! LaTeX Error: Environment figure undefined.

See the LaTeX manual or LaTeX Companion for explanation.
Type  H <return>  for immediate help.
 ...                                              
                                                  
l.5 ^^I^^I\begin{figure}
                        
Your command was ignored.
Type  I <command> <return>  to replace it with another command,
or  <return>  to continue without it.

! Undefined control sequence.
l.7 ^^I^^I^^I^^I\includegraphics
                                [width=4cm, height=4cm]{UniversityLogo}
The control sequence at the end of the top line
of your error message was never \def'ed. If you have
misspelled it (e.g., `\hobx'), type `I' and the correct
spelling (e.g., `I\hbox'). Otherwise just continue,
and I'll forget about whatever was undefined.

Missing character: There is no [ in font nullfont!
Missing character: There is no w in font nullfont!
Missing character: There is no i in font nullfont!
Missing character: There is no d in font nullfont!
Missing character: There is no t in font nullfont!
Missing character: There is no h in font nullfont!
Missing character: There is no = in font nullfont!
Missing character: There is no 4 in font nullfont!
Missing character: There is no c in font nullfont!
Missing character: There is no m in font nullfont!
Missing character: There is no , in font nullfont!
Missing character: There is no h in font nullfont!
Missing character: There is no e in font nullfont!
Missing character: There is no i in font nullfont!
Missing character: There is no g in font nullfont!
Missing character: There is no h in font nullfont!
Missing character: There is no t in font nullfont!
Missing character: There is no = in font nullfont!
Missing character: There is no 4 in font nullfont!
Missing character: There is no c in font nullfont!
Missing character: There is no m in font nullfont!
Missing character: There is no ] in font nullfont!
Missing character: There is no U in font nullfont!
Missing character: There is no n in font nullfont!
Missing character: There is no i in font nullfont!
Missing character: There is no v in font nullfont!
Missing character: There is no e in font nullfont!
Missing character: There is no r in font nullfont!
Missing character: There is no s in font nullfont!
Missing character: There is no i in font nullfont!
Missing character: There is no t in font nullfont!
Missing character: There is no y in font nullfont!
Missing character: There is no L in font nullfont!
Missing character: There is no o in font nullfont!
Missing character: There is no g in font nullfont!
Missing character: There is no o in font nullfont!

! LaTeX Error: \begin{center} on input line 1 ended by \end{figure}.

See the LaTeX manual or LaTeX Companion for explanation.
Type  H <return>  for immediate help.
 ...                                              
                                                  
l.9 ^^I^^I\end{figure}
                      
Your command was ignored.
Type  I <command> <return>  to replace it with another command,
or  <return>  to continue without it.

! Undefined control sequence.
l.12 ^^I^^I\Large
                 {
The control sequence at the end of the top line
of your error message was never \def'ed. If you have
misspelled it (e.g., `\hobx'), type `I' and the correct
spelling (e.g., `I\hbox'). Otherwise just continue,
and I'll forget about whatever was undefined.

Missing character: There is no د in font [lmroman10-bold]:mapping=tex-text;!
Missing character: There is no ا in font [lmroman10-bold]:mapping=tex-text;!
Missing character: There is no ن in font [lmroman10-bold]:mapping=tex-text;!
Missing character: There is no ش in font [lmroman10-bold]:mapping=tex-text;!
Missing character: There is no گ in font [lmroman10-bold]:mapping=tex-text;!
Missing character: There is no ا in font [lmroman10-bold]:mapping=tex-text;!
Missing character: There is no ه in font [lmroman10-bold]:mapping=tex-text;!
Missing character: There is no ا in font [lmroman10-bold]:mapping=tex-text;!
Missing character: There is no ص in font [lmroman10-bold]:mapping=tex-text;!
Missing character: There is no ف in font [lmroman10-bold]:mapping=tex-text;!
Missing character: There is no ه in font [lmroman10-bold]:mapping=tex-text;!
Missing character: There is no ا in font [lmroman10-bold]:mapping=tex-text;!
Missing character: There is no ن in font [lmroman10-bold]:mapping=tex-text;!
! Undefined control sequence.
<argument> دانشگاه اصفهان \lr 
                              {-} پردیس خوانسار \\ دانشکده ریاضی و کامپیوتر \\ 
l.15 ^^I^^I^^I}
               
The control sequence at the end of the top line
of your error message was never \def'ed. If you have
misspelled it (e.g., `\hobx'), type `I' and the correct
spelling (e.g., `I\hbox'). Otherwise just continue,
and I'll forget about whatever was undefined.

Missing character: There is no پ in font [lmroman10-bold]:mapping=tex-text;!
Missing character: There is no ر in font [lmroman10-bold]:mapping=tex-text;!
Missing character: There is no د in font [lmroman10-bold]:mapping=tex-text;!
Missing character: There is no ی in font [lmroman10-bold]:mapping=tex-text;!
Missing character: There is no س in font [lmroman10-bold]:mapping=tex-text;!
Missing character: There is no خ in font [lmroman10-bold]:mapping=tex-text;!
Missing character: There is no و in font [lmroman10-bold]:mapping=tex-text;!
Missing character: There is no ا in font [lmroman10-bold]:mapping=tex-text;!
Missing character: There is no ن in font [lmroman10-bold]:mapping=tex-text;!
Missing character: There is no س in font [lmroman10-bold]:mapping=tex-text;!
Missing character: There is no ا in font [lmroman10-bold]:mapping=tex-text;!
Missing character: There is no ر in font [lmroman10-bold]:mapping=tex-text;!

Overfull \hbox (19.6pt too wide) in paragraph at lines 15--15
 \TU/lmr/bx/n/10 دانشگاه 
 []


Overfull \hbox (16.8pt too wide) in paragraph at lines 15--15
 \TU/lmr/bx/n/10 اصفهان 
 []


Overfull \hbox (3.83pt too wide) in paragraph at lines 15--15
 \TU/lmr/bx/n/10 - 
 []


Overfull \hbox (14.0pt too wide) in paragraph at lines 15--15
 \TU/lmr/bx/n/10 پردیس 
 []


Overfull \hbox (19.6pt too wide) in paragraph at lines 15--15
 \TU/lmr/bx/n/10 خوانسار 
 []

Missing character: There is no د in font [lmroman10-bold]:mapping=tex-text;!
Missing character: There is no ا in font [lmroman10-bold]:mapping=tex-text;!
Missing character: There is no ن in font [lmroman10-bold]:mapping=tex-text;!
Missing character: There is no ش in font [lmroman10-bold]:mapping=tex-text;!
Missing character: There is no ک in font [lmroman10-bold]:mapping=tex-text;!
Missing character: There is no د in font [lmroman10-bold]:mapping=tex-text;!
Missing character: There is no ه in font [lmroman10-bold]:mapping=tex-text;!
Missing character: There is no ر in font [lmroman10-bold]:mapping=tex-text;!
Missing character: There is no ی in font [lmroman10-bold]:mapping=tex-text;!
Missing character: There is no ا in font [lmroman10-bold]:mapping=tex-text;!
Missing character: There is no ض in font [lmroman10-bold]:mapping=tex-text;!
Missing character: There is no ی in font [lmroman10-bold]:mapping=tex-text;!
Missing character: There is no و in font [lmroman10-bold]:mapping=tex-text;!
Missing character: There is no ک in font [lmroman10-bold]:mapping=tex-text;!
Missing character: There is no ا in font [lmroman10-bold]:mapping=tex-text;!
Missing character: There is no م in font [lmroman10-bold]:mapping=tex-text;!
Missing character: There is no پ in font [lmroman10-bold]:mapping=tex-text;!
Missing character: There is no ی in font [lmroman10-bold]:mapping=tex-text;!
Missing character: There is no و in font [lmroman10-bold]:mapping=tex-text;!
Missing character: There is no ت in font [lmroman10-bold]:mapping=tex-text;!
Missing character: There is no ر in font [lmroman10-bold]:mapping=tex-text;!

Overfull \hbox (19.6pt too wide) in paragraph at lines 15--15
 []\TU/lmr/bx/n/10 دانشکده 
 []


Overfull \hbox (14.0pt too wide) in paragraph at lines 15--15
 \TU/lmr/bx/n/10 ریاضی 
 []


Overfull \hbox (2.8pt too wide) in paragraph at lines 15--15
 \TU/lmr/bx/n/10 و 
 []


Overfull \hbox (22.4pt too wide) in paragraph at lines 15--15
 \TU/lmr/bx/n/10 کامپیوتر 
 []

! Undefined control sequence.
l.19 ^^I^^I\LARGE
                 {
The control sequence at the end of the top line
of your error message was never \def'ed. If you have
misspelled it (e.g., `\hobx'), type `I' and the correct
spelling (e.g., `I\hbox'). Otherwise just continue,
and I'll forget about whatever was undefined.

Missing character: There is no ت in font nullfont!
Missing character: There is no ر in font nullfont!
Missing character: There is no ج in font nullfont!
Missing character: There is no م in font nullfont!
Missing character: There is no ه in font nullfont!
Missing character: There is no ف in font nullfont!
Missing character: There is no ص in font nullfont!
Missing character: There is no ل in font nullfont!
Missing character: There is no 5 in font nullfont!
Missing character: There is no ک in font nullfont!
Missing character: There is no ت in font nullfont!
Missing character: There is no ا in font nullfont!
Missing character: There is no ب in font nullfont!
Missing character: There is no N in font nullfont!
Missing character: There is no e in font nullfont!
Missing character: There is no u in font nullfont!
Missing character: There is no r in font nullfont!
Missing character: There is no a in font nullfont!
Missing character: There is no l in font nullfont!
Missing character: There is no N in font nullfont!
Missing character: There is no e in font nullfont!
Missing character: There is no t in font nullfont!
Missing character: There is no w in font nullfont!
Missing character: There is no o in font nullfont!
Missing character: There is no r in font nullfont!
Missing character: There is no k in font nullfont!
Missing character: There is no D in font nullfont!
Missing character: There is no e in font nullfont!
Missing character: There is no s in font nullfont!
Missing character: There is no i in font nullfont!
Missing character: There is no g in font nullfont!
Missing character: There is no n in font nullfont!
Missing character: There is no و in font nullfont!
Missing character: There is no ی in font nullfont!
Missing character: There is no ر in font nullfont!
Missing character: There is no ا in font nullfont!
Missing character: There is no ی in font nullfont!
Missing character: There is no ش in font nullfont!
Missing character: There is no د in font nullfont!
Missing character: There is no و in font nullfont!
Missing character: There is no م in font nullfont!
! Undefined control sequence.
l.24 ^^I^^I\Large
                 {
The control sequence at the end of the top line
of your error message was never \def'ed. If you have
misspelled it (e.g., `\hobx'), type `I' and the correct
spelling (e.g., `I\hbox'). Otherwise just continue,
and I'll forget about whatever was undefined.

Missing character: There is no ت in font nullfont!
Missing character: There is no ه in font nullfont!
Missing character: There is no ی in font nullfont!
Missing character: There is no ه in font nullfont!
Missing character: There is no ک in font nullfont!
Missing character: There is no ن in font nullfont!
Missing character: There is no ن in font nullfont!
Missing character: There is no د in font nullfont!
Missing character: There is no گ in font nullfont!
Missing character: There is no ا in font nullfont!
Missing character: There is no ن in font nullfont!
Missing character: There is no : in font nullfont!
Missing character: There is no ع in font [lmroman10-bold]:mapping=tex-text;!
Missing character: There is no ر in font [lmroman10-bold]:mapping=tex-text;!
Missing character: There is no ف in font [lmroman10-bold]:mapping=tex-text;!
Missing character: There is no ا in font [lmroman10-bold]:mapping=tex-text;!
Missing character: There is no ن in font [lmroman10-bold]:mapping=tex-text;!
Missing character: There is no ر in font [lmroman10-bold]:mapping=tex-text;!
Missing character: There is no ی in font [lmroman10-bold]:mapping=tex-text;!
Missing character: There is no ا in font [lmroman10-bold]:mapping=tex-text;!
Missing character: There is no ح in font [lmroman10-bold]:mapping=tex-text;!
Missing character: There is no ی in font [lmroman10-bold]:mapping=tex-text;!

Overfull \hbox (14.0pt too wide) in paragraph at lines 30--30
 \TU/lmr/bx/n/10 عرفان 
 []


Overfull \hbox (14.0pt too wide) in paragraph at lines 30--30
 \TU/lmr/bx/n/10 ریاحی 
 []

Missing character: There is no ع in font [lmroman10-bold]:mapping=tex-text;!
Missing character: There is no ل in font [lmroman10-bold]:mapping=tex-text;!
Missing character: There is no ی in font [lmroman10-bold]:mapping=tex-text;!
Missing character: There is no ک in font [lmroman10-bold]:mapping=tex-text;!
Missing character: There is no ش in font [lmroman10-bold]:mapping=tex-text;!
Missing character: There is no و in font [lmroman10-bold]:mapping=tex-text;!
Missing character: There is no ر in font [lmroman10-bold]:mapping=tex-text;!
Missing character: There is no ی in font [lmroman10-bold]:mapping=tex-text;!

Overfull \hbox (8.4pt too wide) in paragraph at lines 30--30
 []\TU/lmr/bx/n/10 علی 
 []


Overfull \hbox (14.0pt too wide) in paragraph at lines 30--30
 \TU/lmr/bx/n/10 کشوری 
 []

Missing character: There is no م in font [lmroman10-bold]:mapping=tex-text;!
Missing character: There is no ح in font [lmroman10-bold]:mapping=tex-text;!
Missing character: There is no م in font [lmroman10-bold]:mapping=tex-text;!
Missing character: There is no د in font [lmroman10-bold]:mapping=tex-text;!
Missing character: There is no م in font [lmroman10-bold]:mapping=tex-text;!
Missing character: There is no ه in font [lmroman10-bold]:mapping=tex-text;!
Missing character: There is no د in font [lmroman10-bold]:mapping=tex-text;!
Missing character: There is no ی in font [lmroman10-bold]:mapping=tex-text;!
Missing character: There is no ه in font [lmroman10-bold]:mapping=tex-text;!
Missing character: There is no ا in font [lmroman10-bold]:mapping=tex-text;!
Missing character: There is no ش in font [lmroman10-bold]:mapping=tex-text;!
Missing character: There is no م in font [lmroman10-bold]:mapping=tex-text;!
Missing character: There is no ی in font [lmroman10-bold]:mapping=tex-text;!

Overfull \hbox (11.2pt too wide) in paragraph at lines 30--30
 []\TU/lmr/bx/n/10 محمد 
 []


Overfull \hbox (11.2pt too wide) in paragraph at lines 30--30
 \TU/lmr/bx/n/10 مهدی 
 []


Overfull \hbox (14.0pt too wide) in paragraph at lines 30--30
 \TU/lmr/bx/n/10 هاشمی 
 []

! Undefined control sequence.
l.34 ^^I^^I\Large
                 {
The control sequence at the end of the top line
of your error message was never \def'ed. If you have
misspelled it (e.g., `\hobx'), type `I' and the correct
spelling (e.g., `I\hbox'). Otherwise just continue,
and I'll forget about whatever was undefined.

Missing character: There is no س in font nullfont!
Missing character: There is no ر in font nullfont!
Missing character: There is no گ in font nullfont!
Missing character: There is no ر in font nullfont!
Missing character: There is no و in font nullfont!
Missing character: There is no ه in font nullfont!
Missing character: There is no : in font nullfont!
Missing character: There is no ع in font [lmroman10-bold]:mapping=tex-text;!
Missing character: There is no ر in font [lmroman10-bold]:mapping=tex-text;!
Missing character: There is no ف in font [lmroman10-bold]:mapping=tex-text;!
Missing character: There is no ا in font [lmroman10-bold]:mapping=tex-text;!
Missing character: There is no ن in font [lmroman10-bold]:mapping=tex-text;!
Missing character: There is no ر in font [lmroman10-bold]:mapping=tex-text;!
Missing character: There is no ی in font [lmroman10-bold]:mapping=tex-text;!
Missing character: There is no ا in font [lmroman10-bold]:mapping=tex-text;!
Missing character: There is no ح in font [lmroman10-bold]:mapping=tex-text;!
Missing character: There is no ی in font [lmroman10-bold]:mapping=tex-text;!

Overfull \hbox (14.0pt too wide) in paragraph at lines 35--35
  \TU/lmr/bx/n/10 عرفان 
 []


Overfull \hbox (14.0pt too wide) in paragraph at lines 35--35
 \TU/lmr/bx/n/10 ریاحی 
 []

Missing character: There is no ن in font nullfont!
Missing character: There is no ا in font nullfont!
Missing character: There is no م in font nullfont!
Missing character: There is no ا in font nullfont!
Missing character: There is no س in font nullfont!
Missing character: There is no ت in font nullfont!
Missing character: There is no ا in font nullfont!
Missing character: There is no د in font nullfont!
Missing character: There is no : in font nullfont!
Missing character: There is no د in font [lmroman10-bold]:mapping=tex-text;!
Missing character: There is no ک in font [lmroman10-bold]:mapping=tex-text;!
Missing character: There is no ت in font [lmroman10-bold]:mapping=tex-text;!
Missing character: There is no ر in font [lmroman10-bold]:mapping=tex-text;!
Missing character: There is no ف in font [lmroman10-bold]:mapping=tex-text;!
Missing character: There is no ض in font [lmroman10-bold]:mapping=tex-text;!
Missing character: There is no ی in font [lmroman10-bold]:mapping=tex-text;!
Missing character: There is no ل in font [lmroman10-bold]:mapping=tex-text;!
Missing character: There is no ت in font [lmroman10-bold]:mapping=tex-text;!
Missing character: There is no ح in font [lmroman10-bold]:mapping=tex-text;!
Missing character: There is no ج in font [lmroman10-bold]:mapping=tex-text;!
Missing character: There is no ج in font [lmroman10-bold]:mapping=tex-text;!
Missing character: There is no ی in font [lmroman10-bold]:mapping=tex-text;!

Overfull \hbox (11.2pt too wide) in paragraph at lines 36--36
 \TU/lmr/bx/n/10 دکتر 
 []


Overfull \hbox (14.0pt too wide) in paragraph at lines 36--36
 \TU/lmr/bx/n/10 فضیلت 
 []


Overfull \hbox (11.2pt too wide) in paragraph at lines 36--36
 \TU/lmr/bx/n/10 حججی 
 []

Missing character: There is no ن in font nullfont!
Missing character: There is no ی in font nullfont!
Missing character: There is no م in font nullfont!
Missing character: There is no س in font nullfont!
Missing character: There is no ا in font nullfont!
Missing character: There is no ل in font nullfont!
Missing character: There is no ت in font nullfont!
Missing character: There is no ح in font nullfont!
Missing character: There is no ص in font nullfont!
Missing character: There is no ی in font nullfont!
Missing character: There is no ل in font nullfont!
Missing character: There is no ی in font nullfont!
Missing character: There is no : in font nullfont!
! Undefined control sequence.
<argument> 1399 \lr 
                    {-} 1400
l.37 ...^Iنیمسال تحصیلی: \textbf{1399 \lr{-} 1400}
                                                  \\
The control sequence at the end of the top line
of your error message was never \def'ed. If you have
misspelled it (e.g., `\hobx'), type `I' and the correct
spelling (e.g., `I\hbox'). Otherwise just continue,
and I'll forget about whatever was undefined.


Overfull \hbox (23.0pt too wide) in paragraph at lines 37--37
 \TU/lmr/bx/n/10 1399 
 []


Overfull \hbox (3.83pt too wide) in paragraph at lines 37--37
 \TU/lmr/bx/n/10 - 
 []


Overfull \hbox (23.0pt too wide) in paragraph at lines 37--37
 \TU/lmr/bx/n/10 1400 
 []

Missing character: There is no ن in font nullfont!
Missing character: There is no گ in font nullfont!
Missing character: There is no ا in font nullfont!
Missing character: There is no ر in font nullfont!
Missing character: There is no ش in font nullfont!
Missing character: There is no ش in font nullfont!
Missing character: There is no د in font nullfont!
Missing character: There is no ه in font nullfont!
Missing character: There is no ب in font nullfont!
Missing character: There is no ا in font nullfont!
LaTeX Font Info:    External font `cmex10' loaded for size
(Font)              <7> on input line 38.
LaTeX Font Info:    External font `cmex10' loaded for size
(Font)              <5> on input line 38.

Overfull \hbox (29.92903pt too wide) in paragraph at lines 38--40
 \TU/lmr/bx/n/10 L[]T[]X 
 []

)
! Emergency stop.
<*> FirstPage.tex
                 
*** (job aborted, no legal \end found)

 
Here is how much of TeX's memory you used:
 26 strings out of 479418
 509 string characters out of 5888105
 246334 words of memory out of 5000000
 17642 multiletter control sequences out of 15000+600000
 532354 words of font info for 26 fonts, out of 8000000 for 9000
 1348 hyphenation exceptions out of 8191
 18i,3n,15p,86b,197s stack positions out of 5000i,500n,10000p,200000b,80000s
No pages of output.
